<?xml version="1.0" encoding="UTF-8"?>
<!-- Generated by org.testng.reporters.JUnitReportReporter -->
<testsuite hostname="Vicky" failures="0" tests="1" name="testCases.Login" time="0.767" errors="0" timestamp="2024-01-04T10:09:55 GMT" skipped="0">
  <testcase classname="testCases.Login" name="testlogin" time="0.767"/>
</testsuite> <!-- testCases.Login -->
