<?xml version="1.0" encoding="UTF-8"?>
<!-- Generated by org.testng.reporters.JUnitReportReporter -->
<testsuite hostname="Vicky" failures="0" tests="1" name="testCases.FailedLogin" time="0.249" errors="0" timestamp="2024-01-04T01:13:09 GMT" skipped="0">
  <testcase classname="testCases.FailedLogin" name="Failedtest" time="0.249"/>
</testsuite> <!-- testCases.FailedLogin -->
